# JRE version: OpenJDK Runtime Environment (8.0_112-b05) (build 1.8.0_112-release-b05)
# Java VM: OpenJDK 64-Bit Server VM (25.112-b05 mixed mode bsd-amd64 compressed oops)
Heap:
 PSYoungGen      total 332288K, used 332275K [0x00000007a0000000, 0x00000007c0000000, 0x00000007c0000000)
  eden space 236544K, 100% used [0x00000007a0000000,0x00000007ae700000,0x00000007ae700000)
  from space 95744K, 99% used [0x00000007ba280000,0x00000007bfffcdd0,0x00000007c0000000)
  to   space 143872K, 21% used [0x00000007ae700000,0x00000007b04f0f18,0x00000007b7380000)
 ParOldGen       total 226816K, used 181682K [0x0000000760000000, 0x000000076dd80000, 0x00000007a0000000)
  object space 226816K, 80% used [0x0000000760000000,0x000000076b16cb20,0x000000076dd80000)
 Metaspace       used 79779K, capacity 83942K, committed 84992K, reserved 1124352K
  class space    used 10090K, capacity 10790K, committed 11008K, reserved 1048576K
GC Heap History (10 events):
Event: 2990.697 GC heap after
Heap after GC invocations=50 (full 8):
 PSYoungGen      total 451072K, used 49632K [0x00000007a0000000, 0x00000007c0000000, 0x00000007c0000000)
  eden space 401408K, 0% used [0x00000007a0000000,0x00000007a0000000,0x00000007b8800000)
  from space 49664K, 99% used [0x00000007bcd00000,0x00000007bfd78158,0x00000007bfd80000)
  to   space 61440K, 0% used [0x00000007b8800000,0x00000007b8800000,0x00000007bc400000)
 ParOldGen       total 226816K, used 67156K [0x0000000760000000, 0x000000076dd80000, 0x00000007a0000000)
  object space 226816K, 29% used [0x0000000760000000,0x0000000764195100,0x000000076dd80000)
 Metaspace       used 79164K, capacity 83364K, committed 84224K, reserved 1122304K
  class space    used 10082K, capacity 10789K, committed 11008K, reserved 1048576K
}
Event: 2993.619 GC heap before
{Heap before GC invocations=51 (full 8):
 PSYoungGen      total 451072K, used 451040K [0x00000007a0000000, 0x00000007c0000000, 0x00000007c0000000)
  eden space 401408K, 100% used [0x00000007a0000000,0x00000007b8800000,0x00000007b8800000)
  from space 49664K, 99% used [0x00000007bcd00000,0x00000007bfd78158,0x00000007bfd80000)
  to   space 61440K, 0% used [0x00000007b8800000,0x00000007b8800000,0x00000007bc400000)
 ParOldGen       total 226816K, used 67156K [0x0000000760000000, 0x000000076dd80000, 0x00000007a0000000)
  object space 226816K, 29% used [0x0000000760000000,0x0000000764195100,0x000000076dd80000)
 Metaspace       used 79391K, capacity 83558K, committed 84480K, reserved 1122304K
  class space    used 10089K, capacity 10790K, committed 11008K, reserved 1048576K
Event: 2993.922 GC heap after
Heap after GC invocations=51 (full 8):
 PSYoungGen      total 462848K, used 61424K [0x00000007a0000000, 0x00000007c0000000, 0x00000007c0000000)
  eden space 401408K, 0% used [0x00000007a0000000,0x00000007a0000000,0x00000007b8800000)
  from space 61440K, 99% used [0x00000007b8800000,0x00000007bc3fc368,0x00000007bc400000)
  to   space 61440K, 0% used [0x00000007bc400000,0x00000007bc400000,0x00000007c0000000)
 ParOldGen       total 226816K, used 81776K [0x0000000760000000, 0x000000076dd80000, 0x00000007a0000000)
  object space 226816K, 36% used [0x0000000760000000,0x0000000764fdc170,0x000000076dd80000)
 Metaspace       used 79391K, capacity 83558K, committed 84480K, reserved 1122304K
  class space    used 10089K, capacity 10790K, committed 11008K, reserved 1048576K
}
Event: 2996.131 GC heap before
{Heap before GC invocations=52 (full 8):
 PSYoungGen      total 462848K, used 462832K [0x00000007a0000000, 0x00000007c0000000, 0x00000007c0000000)
  eden space 401408K, 100% used [0x00000007a0000000,0x00000007b8800000,0x00000007b8800000)
  from space 61440K, 99% used [0x00000007b8800000,0x00000007bc3fc368,0x00000007bc400000)
  to   space 61440K, 0% used [0x00000007bc400000,0x00000007bc400000,0x00000007c0000000)
 ParOldGen       total 226816K, used 81776K [0x0000000760000000, 0x000000076dd80000, 0x00000007a0000000)
  object space 226816K, 36% used [0x0000000760000000,0x0000000764fdc170,0x000000076dd80000)
 Metaspace       used 79536K, capacity 83750K, committed 84736K, reserved 1122304K
  class space    used 10089K, capacity 10790K, committed 11008K, reserved 1048576K
Event: 2996.397 GC heap after
Heap after GC invocations=52 (full 8):
 PSYoungGen      total 394240K, used 61412K [0x00000007a0000000, 0x00000007c0000000, 0x00000007c0000000)
  eden space 332800K, 0% used [0x00000007a0000000,0x00000007a0000000,0x00000007b4500000)
  from space 61440K, 99% used [0x00000007bc400000,0x00000007bfff9308,0x00000007c0000000)
  to   space 95744K, 0% used [0x00000007b4500000,0x00000007b4500000,0x00000007ba280000)
 ParOldGen       total 226816K, used 119554K [0x0000000760000000, 0x000000076dd80000, 0x00000007a0000000)
  object space 226816K, 52% used [0x0000000760000000,0x00000007674c09b8,0x000000076dd80000)
 Metaspace       used 79536K, capacity 83750K, committed 84736K, reserved 1122304K
  class space    used 10089K, capacity 10790K, committed 11008K, reserved 1048576K
}
Event: 2997.829 GC heap before
{Heap before GC invocations=53 (full 8):
 PSYoungGen      total 394240K, used 394212K [0x00000007a0000000, 0x00000007c0000000, 0x00000007c0000000)
  eden space 332800K, 100% used [0x00000007a0000000,0x00000007b4500000,0x00000007b4500000)
  from space 61440K, 99% used [0x00000007bc400000,0x00000007bfff9308,0x00000007c0000000)
  to   space 95744K, 0% used [0x00000007b4500000,0x00000007b4500000,0x00000007ba280000)
 ParOldGen       total 226816K, used 119875K [0x0000000760000000, 0x000000076dd80000, 0x00000007a0000000)
  object space 226816K, 52% used [0x0000000760000000,0x0000000767510ea0,0x000000076dd80000)
 Metaspace       used 79585K, capacity 83750K, committed 84736K, reserved 1122304K
  class space    used 10090K, capacity 10790K, committed 11008K, reserved 1048576K
Event: 2998.167 GC heap after
Heap after GC invocations=53 (full 8):
 PSYoungGen      total 428544K, used 95720K [0x00000007a0000000, 0x00000007c0000000, 0x00000007c0000000)
  eden space 332800K, 0% used [0x00000007a0000000,0x00000007a0000000,0x00000007b4500000)
  from space 95744K, 99% used [0x00000007b4500000,0x00000007ba27a058,0x00000007ba280000)
  to   space 95744K, 0% used [0x00000007ba280000,0x00000007ba280000,0x00000007c0000000)
 ParOldGen       total 226816K, used 138512K [0x0000000760000000, 0x000000076dd80000, 0x00000007a0000000)
  object space 226816K, 61% used [0x0000000760000000,0x0000000768744328,0x000000076dd80000)
 Metaspace       used 79585K, capacity 83750K, committed 84736K, reserved 1122304K
  class space    used 10090K, capacity 10790K, committed 11008K, reserved 1048576K
}
Event: 2999.667 GC heap before
{Heap before GC invocations=54 (full 8):
 PSYoungGen      total 428544K, used 428520K [0x00000007a0000000, 0x00000007c0000000, 0x00000007c0000000)
  eden space 332800K, 100% used [0x00000007a0000000,0x00000007b4500000,0x00000007b4500000)
  from space 95744K, 99% used [0x00000007b4500000,0x00000007ba27a058,0x00000007ba280000)
  to   space 95744K, 0% used [0x00000007ba280000,0x00000007ba280000,0x00000007c0000000)
 ParOldGen       total 226816K, used 138514K [0x0000000760000000, 0x000000076dd80000, 0x00000007a0000000)
  object space 226816K, 61% used [0x0000000760000000,0x0000000768744a10,0x000000076dd80000)
 Metaspace       used 79644K, capacity 83814K, committed 84736K, reserved 1122304K
  class space    used 10090K, capacity 10790K, committed 11008K, reserved 1048576K
Event: 3000.177 GC heap after
Heap after GC invocations=54 (full 8):
 PSYoungGen      total 332288K, used 95731K [0x00000007a0000000, 0x00000007c0000000, 0x00000007c0000000)
  eden space 236544K, 0% used [0x00000007a0000000,0x00000007a0000000,0x00000007ae700000)
  from space 95744K, 99% used [0x00000007ba280000,0x00000007bfffcdd0,0x00000007c0000000)
  to   space 143872K, 0% used [0x00000007ae700000,0x00000007ae700000,0x00000007b7380000)
 ParOldGen       total 226816K, used 178862K [0x0000000760000000, 0x000000076dd80000, 0x00000007a0000000)
  object space 226816K, 78% used [0x0000000760000000,0x000000076aeaba90,0x000000076dd80000)
 Metaspace       used 79644K, capacity 83814K, committed 84736K, reserved 1122304K
  class space    used 10090K, capacity 10790K, committed 11008K, reserved 1048576K
}
Event: 3001.654 GC heap before
{Heap before GC invocations=55 (full 8):
 PSYoungGen      total 332288K, used 332275K [0x00000007a0000000, 0x00000007c0000000, 0x00000007c0000000)
  eden space 236544K, 100% used [0x00000007a0000000,0x00000007ae700000,0x00000007ae700000)
  from space 95744K, 99% used [0x00000007ba280000,0x00000007bfffcdd0,0x00000007c0000000)
  to   space 143872K, 0% used [0x00000007ae700000,0x00000007ae700000,0x00000007b7380000)
 ParOldGen       total 226816K, used 178862K [0x0000000760000000, 0x000000076dd80000, 0x00000007a0000000)
  object space 226816K, 78% used [0x0000000760000000,0x000000076aeaba90,0x000000076dd80000)
 Metaspace       used 79779K, capacity 83942K, committed 84992K, reserved 1124352K
  class space    used 10090K, capacity 10790K, committed 11008K, reserved 1048576K

