# JRE version: OpenJDK Runtime Environment (8.0_112-b05) (build 1.8.0_112-release-b05)
# Java VM: OpenJDK 64-Bit Server VM (25.112-b05 mixed mode bsd-amd64 compressed oops)
Heap:
 PSYoungGen      total 438272K, used 159497K [0x00000007a0000000, 0x00000007c0000000, 0x00000007c0000000)
  eden space 354304K, 30% used [0x00000007a0000000,0x00000007a6ab7a08,0x00000007b5a00000)
  from space 83968K, 59% used [0x00000007bae00000,0x00000007bdf0abf8,0x00000007c0000000)
  to   space 84992K, 0% used [0x00000007b5a00000,0x00000007b5a00000,0x00000007bad00000)
 ParOldGen       total 304640K, used 151016K [0x0000000760000000, 0x0000000772980000, 0x00000007a0000000)
  object space 304640K, 49% used [0x0000000760000000,0x000000076937a120,0x0000000772980000)
 Metaspace       used 64514K, capacity 66246K, committed 66432K, reserved 1107968K
  class space    used 8166K, capacity 8527K, committed 8576K, reserved 1048576K
GC Heap History (10 events):
Event: 63.734 GC heap before
{Heap before GC invocations=21 (full 4):
 PSYoungGen      total 406016K, used 368640K [0x00000007a0000000, 0x00000007c0000000, 0x00000007c0000000)
  eden space 368640K, 100% used [0x00000007a0000000,0x00000007b6800000,0x00000007b6800000)
  from space 37376K, 0% used [0x00000007bdb80000,0x00000007bdb80000,0x00000007c0000000)
  to   space 77824K, 0% used [0x00000007b6800000,0x00000007b6800000,0x00000007bb400000)
 ParOldGen       total 244224K, used 120096K [0x0000000760000000, 0x000000076ee80000, 0x00000007a0000000)
  object space 244224K, 49% used [0x0000000760000000,0x00000007675480e8,0x000000076ee80000)
 Metaspace       used 64154K, capacity 65862K, committed 66176K, reserved 1107968K
  class space    used 8166K, capacity 8527K, committed 8576K, reserved 1048576K
Event: 63.848 GC heap after
Heap after GC invocations=21 (full 4):
 PSYoungGen      total 416768K, used 47988K [0x00000007a0000000, 0x00000007c0000000, 0x00000007c0000000)
  eden space 368640K, 0% used [0x00000007a0000000,0x00000007a0000000,0x00000007b6800000)
  from space 48128K, 99% used [0x00000007b6800000,0x00000007b96dd1e8,0x00000007b9700000)
  to   space 79872K, 0% used [0x00000007bb200000,0x00000007bb200000,0x00000007c0000000)
 ParOldGen       total 244224K, used 120104K [0x0000000760000000, 0x000000076ee80000, 0x00000007a0000000)
  object space 244224K, 49% used [0x0000000760000000,0x000000076754a0e8,0x000000076ee80000)
 Metaspace       used 64154K, capacity 65862K, committed 66176K, reserved 1107968K
  class space    used 8166K, capacity 8527K, committed 8576K, reserved 1048576K
}
Event: 65.713 GC heap before
{Heap before GC invocations=22 (full 4):
 PSYoungGen      total 416768K, used 416628K [0x00000007a0000000, 0x00000007c0000000, 0x00000007c0000000)
  eden space 368640K, 100% used [0x00000007a0000000,0x00000007b6800000,0x00000007b6800000)
  from space 48128K, 99% used [0x00000007b6800000,0x00000007b96dd1e8,0x00000007b9700000)
  to   space 79872K, 0% used [0x00000007bb200000,0x00000007bb200000,0x00000007c0000000)
 ParOldGen       total 244224K, used 120104K [0x0000000760000000, 0x000000076ee80000, 0x00000007a0000000)
  object space 244224K, 49% used [0x0000000760000000,0x000000076754a0e8,0x000000076ee80000)
 Metaspace       used 64257K, capacity 65990K, committed 66176K, reserved 1107968K
  class space    used 8166K, capacity 8527K, committed 8576K, reserved 1048576K
Event: 66.003 GC heap after
Heap after GC invocations=22 (full 4):
 PSYoungGen      total 438272K, used 51214K [0x00000007a0000000, 0x00000007c0000000, 0x00000007c0000000)
  eden space 358400K, 0% used [0x00000007a0000000,0x00000007a0000000,0x00000007b5e00000)
  from space 79872K, 64% used [0x00000007bb200000,0x00000007be403900,0x00000007c0000000)
  to   space 82944K, 0% used [0x00000007b5e00000,0x00000007b5e00000,0x00000007baf00000)
 ParOldGen       total 244224K, used 162850K [0x0000000760000000, 0x000000076ee80000, 0x00000007a0000000)
  object space 244224K, 66% used [0x0000000760000000,0x0000000769f08928,0x000000076ee80000)
 Metaspace       used 64257K, capacity 65990K, committed 66176K, reserved 1107968K
  class space    used 8166K, capacity 8527K, committed 8576K, reserved 1048576K
}
Event: 67.970 GC heap before
{Heap before GC invocations=23 (full 4):
 PSYoungGen      total 438272K, used 409614K [0x00000007a0000000, 0x00000007c0000000, 0x00000007c0000000)
  eden space 358400K, 100% used [0x00000007a0000000,0x00000007b5e00000,0x00000007b5e00000)
  from space 79872K, 64% used [0x00000007bb200000,0x00000007be403900,0x00000007c0000000)
  to   space 82944K, 0% used [0x00000007b5e00000,0x00000007b5e00000,0x00000007baf00000)
 ParOldGen       total 244224K, used 162850K [0x0000000760000000, 0x000000076ee80000, 0x00000007a0000000)
  object space 244224K, 66% used [0x0000000760000000,0x0000000769f08928,0x000000076ee80000)
 Metaspace       used 64445K, capacity 66118K, committed 66432K, reserved 1107968K
  class space    used 8166K, capacity 8527K, committed 8576K, reserved 1048576K
Event: 68.197 GC heap after
Heap after GC invocations=23 (full 4):
 PSYoungGen      total 407040K, used 48511K [0x00000007a0000000, 0x00000007c0000000, 0x00000007c0000000)
  eden space 358400K, 0% used [0x00000007a0000000,0x00000007a0000000,0x00000007b5e00000)
  from space 48640K, 99% used [0x00000007b5e00000,0x00000007b8d5ffa8,0x00000007b8d80000)
  to   space 83968K, 0% used [0x00000007bae00000,0x00000007bae00000,0x00000007c0000000)
 ParOldGen       total 244224K, used 196280K [0x0000000760000000, 0x000000076ee80000, 0x00000007a0000000)
  object space 244224K, 80% used [0x0000000760000000,0x000000076bfae010,0x000000076ee80000)
 Metaspace       used 64445K, capacity 66118K, committed 66432K, reserved 1107968K
  class space    used 8166K, capacity 8527K, committed 8576K, reserved 1048576K
}
Event: 68.197 GC heap before
{Heap before GC invocations=24 (full 5):
 PSYoungGen      total 407040K, used 48511K [0x00000007a0000000, 0x00000007c0000000, 0x00000007c0000000)
  eden space 358400K, 0% used [0x00000007a0000000,0x00000007a0000000,0x00000007b5e00000)
  from space 48640K, 99% used [0x00000007b5e00000,0x00000007b8d5ffa8,0x00000007b8d80000)
  to   space 83968K, 0% used [0x00000007bae00000,0x00000007bae00000,0x00000007c0000000)
 ParOldGen       total 244224K, used 196280K [0x0000000760000000, 0x000000076ee80000, 0x00000007a0000000)
  object space 244224K, 80% used [0x0000000760000000,0x000000076bfae010,0x000000076ee80000)
 Metaspace       used 64445K, capacity 66118K, committed 66432K, reserved 1107968K
  class space    used 8166K, capacity 8527K, committed 8576K, reserved 1048576K
Event: 70.304 GC heap after
Heap after GC invocations=24 (full 5):
 PSYoungGen      total 407040K, used 0K [0x00000007a0000000, 0x00000007c0000000, 0x00000007c0000000)
  eden space 358400K, 0% used [0x00000007a0000000,0x00000007a0000000,0x00000007b5e00000)
  from space 48640K, 0% used [0x00000007b5e00000,0x00000007b5e00000,0x00000007b8d80000)
  to   space 83968K, 0% used [0x00000007bae00000,0x00000007bae00000,0x00000007c0000000)
 ParOldGen       total 304640K, used 151008K [0x0000000760000000, 0x0000000772980000, 0x00000007a0000000)
  object space 304640K, 49% used [0x0000000760000000,0x0000000769378120,0x0000000772980000)
 Metaspace       used 64445K, capacity 66118K, committed 66432K, reserved 1107968K
  class space    used 8166K, capacity 8527K, committed 8576K, reserved 1048576K
}
Event: 71.790 GC heap before
{Heap before GC invocations=25 (full 5):
 PSYoungGen      total 407040K, used 358400K [0x00000007a0000000, 0x00000007c0000000, 0x00000007c0000000)
  eden space 358400K, 100% used [0x00000007a0000000,0x00000007b5e00000,0x00000007b5e00000)
  from space 48640K, 0% used [0x00000007b5e00000,0x00000007b5e00000,0x00000007b8d80000)
  to   space 83968K, 0% used [0x00000007bae00000,0x00000007bae00000,0x00000007c0000000)
 ParOldGen       total 304640K, used 151008K [0x0000000760000000, 0x0000000772980000, 0x00000007a0000000)
  object space 304640K, 49% used [0x0000000760000000,0x0000000769378120,0x0000000772980000)
 Metaspace       used 64482K, capacity 66246K, committed 66432K, reserved 1107968K
  class space    used 8166K, capacity 8527K, committed 8576K, reserved 1048576K
Event: 71.892 GC heap after
Heap after GC invocations=25 (full 5):
 PSYoungGen      total 438272K, used 50218K [0x00000007a0000000, 0x00000007c0000000, 0x00000007c0000000)
  eden space 354304K, 0% used [0x00000007a0000000,0x00000007a0000000,0x00000007b5a00000)
  from space 83968K, 59% used [0x00000007bae00000,0x00000007bdf0abf8,0x00000007c0000000)
  to   space 84992K, 0% used [0x00000007b5a00000,0x00000007b5a00000,0x00000007bad00000)
 ParOldGen       total 304640K, used 151016K [0x0000000760000000, 0x0000000772980000, 0x00000007a0000000)
  object space 304640K, 49% used [0x0000000760000000,0x000000076937a120,0x0000000772980000)
 Metaspace       used 64482K, capacity 66246K, committed 66432K, reserved 1107968K
  class space    used 8166K, capacity 8527K, committed 8576K, reserved 1048576K
}

