# JRE version: OpenJDK Runtime Environment (8.0_112-b05) (build 1.8.0_112-release-b05)
# Java VM: OpenJDK 64-Bit Server VM (25.112-b05 mixed mode bsd-amd64 compressed oops)
Heap:
 PSYoungGen      total 368640K, used 74777K [0x00000007a0000000, 0x00000007c0000000, 0x00000007c0000000)
  eden space 221184K, 0% used [0x00000007a0000000,0x00000007a0000000,0x00000007ad800000)
  from space 147456K, 50% used [0x00000007b6380000,0x00000007bac866c8,0x00000007bf380000)
  to   space 142848K, 0% used [0x00000007ad800000,0x00000007ad800000,0x00000007b6380000)
 ParOldGen       total 685056K, used 605822K [0x0000000760000000, 0x0000000789d00000, 0x00000007a0000000)
  object space 685056K, 88% used [0x0000000760000000,0x0000000784f9fad0,0x0000000789d00000)
 Metaspace       used 77278K, capacity 80428K, committed 80768K, reserved 1120256K
  class space    used 9713K, capacity 10333K, committed 10368K, reserved 1048576K
GC Heap History (10 events):
Event: 430.770 GC heap after
Heap after GC invocations=129 (full 13):
 PSYoungGen      total 337920K, used 78169K [0x00000007a0000000, 0x00000007c0000000, 0x00000007c0000000)
  eden space 236544K, 0% used [0x00000007a0000000,0x00000007a0000000,0x00000007ae700000)
  from space 101376K, 77% used [0x00000007b9d00000,0x00000007be956498,0x00000007c0000000)
  to   space 143872K, 0% used [0x00000007ae700000,0x00000007ae700000,0x00000007b7380000)
 ParOldGen       total 685056K, used 366677K [0x0000000760000000, 0x0000000789d00000, 0x00000007a0000000)
  object space 685056K, 53% used [0x0000000760000000,0x00000007766155b8,0x0000000789d00000)
 Metaspace       used 77278K, capacity 80428K, committed 80768K, reserved 1120256K
  class space    used 9713K, capacity 10333K, committed 10368K, reserved 1048576K
}
Event: 431.845 GC heap before
{Heap before GC invocations=130 (full 13):
 PSYoungGen      total 337920K, used 314713K [0x00000007a0000000, 0x00000007c0000000, 0x00000007c0000000)
  eden space 236544K, 100% used [0x00000007a0000000,0x00000007ae700000,0x00000007ae700000)
  from space 101376K, 77% used [0x00000007b9d00000,0x00000007be956498,0x00000007c0000000)
  to   space 143872K, 0% used [0x00000007ae700000,0x00000007ae700000,0x00000007b7380000)
 ParOldGen       total 685056K, used 366677K [0x0000000760000000, 0x0000000789d00000, 0x00000007a0000000)
  object space 685056K, 53% used [0x0000000760000000,0x00000007766155b8,0x0000000789d00000)
 Metaspace       used 77278K, capacity 80428K, committed 80768K, reserved 1120256K
  class space    used 9713K, capacity 10333K, committed 10368K, reserved 1048576K
Event: 432.026 GC heap after
Heap after GC invocations=130 (full 13):
 PSYoungGen      total 347648K, used 110964K [0x00000007a0000000, 0x00000007c0000000, 0x00000007c0000000)
  eden space 236544K, 0% used [0x00000007a0000000,0x00000007a0000000,0x00000007ae700000)
  from space 111104K, 99% used [0x00000007ae700000,0x00000007b535d090,0x00000007b5380000)
  to   space 154624K, 0% used [0x00000007b6900000,0x00000007b6900000,0x00000007c0000000)
 ParOldGen       total 685056K, used 444684K [0x0000000760000000, 0x0000000789d00000, 0x00000007a0000000)
  object space 685056K, 64% used [0x0000000760000000,0x000000077b2432d0,0x0000000789d00000)
 Metaspace       used 77278K, capacity 80428K, committed 80768K, reserved 1120256K
  class space    used 9713K, capacity 10333K, committed 10368K, reserved 1048576K
}
Event: 432.427 GC heap before
{Heap before GC invocations=131 (full 13):
 PSYoungGen      total 347648K, used 347508K [0x00000007a0000000, 0x00000007c0000000, 0x00000007c0000000)
  eden space 236544K, 100% used [0x00000007a0000000,0x00000007ae700000,0x00000007ae700000)
  from space 111104K, 99% used [0x00000007ae700000,0x00000007b535d090,0x00000007b5380000)
  to   space 154624K, 0% used [0x00000007b6900000,0x00000007b6900000,0x00000007c0000000)
 ParOldGen       total 685056K, used 444684K [0x0000000760000000, 0x0000000789d00000, 0x00000007a0000000)
  object space 685056K, 64% used [0x0000000760000000,0x000000077b2432d0,0x0000000789d00000)
 Metaspace       used 77278K, capacity 80428K, committed 80768K, reserved 1120256K
  class space    used 9713K, capacity 10333K, committed 10368K, reserved 1048576K
Event: 432.560 GC heap after
Heap after GC invocations=131 (full 13):
 PSYoungGen      total 371200K, used 82947K [0x00000007a0000000, 0x00000007c0000000, 0x00000007c0000000)
  eden space 216576K, 0% used [0x00000007a0000000,0x00000007a0000000,0x00000007ad380000)
  from space 154624K, 53% used [0x00000007b6900000,0x00000007bba00de0,0x00000007c0000000)
  to   space 153088K, 0% used [0x00000007ad380000,0x00000007ad380000,0x00000007b6900000)
 ParOldGen       total 685056K, used 554679K [0x0000000760000000, 0x0000000789d00000, 0x00000007a0000000)
  object space 685056K, 80% used [0x0000000760000000,0x0000000781dadf50,0x0000000789d00000)
 Metaspace       used 77278K, capacity 80428K, committed 80768K, reserved 1120256K
  class space    used 9713K, capacity 10333K, committed 10368K, reserved 1048576K
}
Event: 433.131 GC heap before
{Heap before GC invocations=132 (full 13):
 PSYoungGen      total 371200K, used 299523K [0x00000007a0000000, 0x00000007c0000000, 0x00000007c0000000)
  eden space 216576K, 100% used [0x00000007a0000000,0x00000007ad380000,0x00000007ad380000)
  from space 154624K, 53% used [0x00000007b6900000,0x00000007bba00de0,0x00000007c0000000)
  to   space 153088K, 0% used [0x00000007ad380000,0x00000007ad380000,0x00000007b6900000)
 ParOldGen       total 685056K, used 554679K [0x0000000760000000, 0x0000000789d00000, 0x00000007a0000000)
  object space 685056K, 80% used [0x0000000760000000,0x0000000781dadf50,0x0000000789d00000)
 Metaspace       used 77278K, capacity 80428K, committed 80768K, reserved 1120256K
  class space    used 9713K, capacity 10333K, committed 10368K, reserved 1048576K
Event: 433.213 GC heap after
Heap after GC invocations=132 (full 13):
 PSYoungGen      total 264704K, used 47621K [0x00000007a0000000, 0x00000007bf380000, 0x00000007c0000000)
  eden space 216576K, 0% used [0x00000007a0000000,0x00000007a0000000,0x00000007ad380000)
  from space 48128K, 98% used [0x00000007ad380000,0x00000007b0201608,0x00000007b0280000)
  to   space 147456K, 0% used [0x00000007b6380000,0x00000007b6380000,0x00000007bf380000)
 ParOldGen       total 685056K, used 561573K [0x0000000760000000, 0x0000000789d00000, 0x00000007a0000000)
  object space 685056K, 81% used [0x0000000760000000,0x0000000782469738,0x0000000789d00000)
 Metaspace       used 77278K, capacity 80428K, committed 80768K, reserved 1120256K
  class space    used 9713K, capacity 10333K, committed 10368K, reserved 1048576K
}
Event: 434.002 GC heap before
{Heap before GC invocations=133 (full 13):
 PSYoungGen      total 264704K, used 264197K [0x00000007a0000000, 0x00000007bf380000, 0x00000007c0000000)
  eden space 216576K, 100% used [0x00000007a0000000,0x00000007ad380000,0x00000007ad380000)
  from space 48128K, 98% used [0x00000007ad380000,0x00000007b0201608,0x00000007b0280000)
  to   space 147456K, 0% used [0x00000007b6380000,0x00000007b6380000,0x00000007bf380000)
 ParOldGen       total 685056K, used 561573K [0x0000000760000000, 0x0000000789d00000, 0x00000007a0000000)
  object space 685056K, 81% used [0x0000000760000000,0x0000000782469738,0x0000000789d00000)
 Metaspace       used 77278K, capacity 80428K, committed 80768K, reserved 1120256K
  class space    used 9713K, capacity 10333K, committed 10368K, reserved 1048576K
Event: 434.115 GC heap after
Heap after GC invocations=133 (full 13):
 PSYoungGen      total 368640K, used 74777K [0x00000007a0000000, 0x00000007c0000000, 0x00000007c0000000)
  eden space 221184K, 0% used [0x00000007a0000000,0x00000007a0000000,0x00000007ad800000)
  from space 147456K, 50% used [0x00000007b6380000,0x00000007bac866c8,0x00000007bf380000)
  to   space 142848K, 0% used [0x00000007ad800000,0x00000007ad800000,0x00000007b6380000)
 ParOldGen       total 685056K, used 605822K [0x0000000760000000, 0x0000000789d00000, 0x00000007a0000000)
  object space 685056K, 88% used [0x0000000760000000,0x0000000784f9fad0,0x0000000789d00000)
 Metaspace       used 77278K, capacity 80428K, committed 80768K, reserved 1120256K
  class space    used 9713K, capacity 10333K, committed 10368K, reserved 1048576K
}
Event: 434.115 GC heap before
{Heap before GC invocations=134 (full 14):
 PSYoungGen      total 368640K, used 74777K [0x00000007a0000000, 0x00000007c0000000, 0x00000007c0000000)
  eden space 221184K, 0% used [0x00000007a0000000,0x00000007a0000000,0x00000007ad800000)
  from space 147456K, 50% used [0x00000007b6380000,0x00000007bac866c8,0x00000007bf380000)
  to   space 142848K, 0% used [0x00000007ad800000,0x00000007ad800000,0x00000007b6380000)
 ParOldGen       total 685056K, used 605822K [0x0000000760000000, 0x0000000789d00000, 0x00000007a0000000)
  object space 685056K, 88% used [0x0000000760000000,0x0000000784f9fad0,0x0000000789d00000)
 Metaspace       used 77278K, capacity 80428K, committed 80768K, reserved 1120256K
  class space    used 9713K, capacity 10333K, committed 10368K, reserved 1048576K

