# JRE version: OpenJDK Runtime Environment (8.0_112-b05) (build 1.8.0_112-release-b05)
# Java VM: OpenJDK 64-Bit Server VM (25.112-b05 mixed mode bsd-amd64 compressed oops)
Heap:
 PSYoungGen      total 473600K, used 361439K [0x00000007a0000000, 0x00000007c0000000, 0x00000007c0000000)
  eden space 422912K, 84% used [0x00000007a0000000,0x00000007b5b43e50,0x00000007b9d00000)
  from space 50688K, 11% used [0x00000007bce80000,0x00000007bd434010,0x00000007c0000000)
  to   space 50688K, 0% used [0x00000007b9d00000,0x00000007b9d00000,0x00000007bce80000)
 ParOldGen       total 93696K, used 72270K [0x0000000760000000, 0x0000000765b80000, 0x00000007a0000000)
  object space 93696K, 77% used [0x0000000760000000,0x00000007646938b8,0x0000000765b80000)
 Metaspace       used 63364K, capacity 66650K, committed 66944K, reserved 1107968K
  class space    used 8336K, capacity 9012K, committed 9088K, reserved 1048576K
GC Heap History (10 events):
Event: 400.062 GC heap before
{Heap before GC invocations=18 (full 4):
 PSYoungGen      total 319488K, used 26922K [0x00000007a0000000, 0x00000007b5f80000, 0x00000007c0000000)
  eden space 286720K, 0% used [0x00000007a0000000,0x00000007a0000000,0x00000007b1800000)
  from space 32768K, 82% used [0x00000007b3a80000,0x00000007b54ca8e0,0x00000007b5a80000)
  to   space 35328K, 0% used [0x00000007b1800000,0x00000007b1800000,0x00000007b3a80000)
 ParOldGen       total 93696K, used 62453K [0x0000000760000000, 0x0000000765b80000, 0x00000007a0000000)
  object space 93696K, 66% used [0x0000000760000000,0x0000000763cfd420,0x0000000765b80000)
 Metaspace       used 60952K, capacity 63636K, committed 63744K, reserved 1103872K
  class space    used 8099K, capacity 8664K, committed 8704K, reserved 1048576K
Event: 400.588 GC heap after
Heap after GC invocations=18 (full 4):
 PSYoungGen      total 319488K, used 0K [0x00000007a0000000, 0x00000007b5f80000, 0x00000007c0000000)
  eden space 286720K, 0% used [0x00000007a0000000,0x00000007a0000000,0x00000007b1800000)
  from space 32768K, 0% used [0x00000007b3a80000,0x00000007b3a80000,0x00000007b5a80000)
  to   space 35328K, 0% used [0x00000007b1800000,0x00000007b1800000,0x00000007b3a80000)
 ParOldGen       total 93696K, used 57565K [0x0000000760000000, 0x0000000765b80000, 0x00000007a0000000)
  object space 93696K, 61% used [0x0000000760000000,0x0000000763837760,0x0000000765b80000)
 Metaspace       used 60924K, capacity 63542K, committed 63744K, reserved 1103872K
  class space    used 8091K, capacity 8655K, committed 8704K, reserved 1048576K
}
Event: 409.031 GC heap before
{Heap before GC invocations=19 (full 4):
 PSYoungGen      total 319488K, used 286720K [0x00000007a0000000, 0x00000007b5f80000, 0x00000007c0000000)
  eden space 286720K, 100% used [0x00000007a0000000,0x00000007b1800000,0x00000007b1800000)
  from space 32768K, 0% used [0x00000007b3a80000,0x00000007b3a80000,0x00000007b5a80000)
  to   space 35328K, 0% used [0x00000007b1800000,0x00000007b1800000,0x00000007b3a80000)
 ParOldGen       total 93696K, used 57565K [0x0000000760000000, 0x0000000765b80000, 0x00000007a0000000)
  object space 93696K, 61% used [0x0000000760000000,0x0000000763837760,0x0000000765b80000)
 Metaspace       used 61384K, capacity 64052K, committed 64256K, reserved 1105920K
  class space    used 8114K, capacity 8690K, committed 8704K, reserved 1048576K
Event: 409.083 GC heap after
Heap after GC invocations=19 (full 4):
 PSYoungGen      total 322048K, used 26512K [0x00000007a0000000, 0x00000007b9f80000, 0x00000007c0000000)
  eden space 286720K, 0% used [0x00000007a0000000,0x00000007a0000000,0x00000007b1800000)
  from space 35328K, 75% used [0x00000007b1800000,0x00000007b31e4040,0x00000007b3a80000)
  to   space 37888K, 0% used [0x00000007b7a80000,0x00000007b7a80000,0x00000007b9f80000)
 ParOldGen       total 93696K, used 57573K [0x0000000760000000, 0x0000000765b80000, 0x00000007a0000000)
  object space 93696K, 61% used [0x0000000760000000,0x0000000763839760,0x0000000765b80000)
 Metaspace       used 61384K, capacity 64052K, committed 64256K, reserved 1105920K
  class space    used 8114K, capacity 8690K, committed 8704K, reserved 1048576K
}
Event: 411.605 GC heap before
{Heap before GC invocations=20 (full 4):
 PSYoungGen      total 322048K, used 313232K [0x00000007a0000000, 0x00000007b9f80000, 0x00000007c0000000)
  eden space 286720K, 100% used [0x00000007a0000000,0x00000007b1800000,0x00000007b1800000)
  from space 35328K, 75% used [0x00000007b1800000,0x00000007b31e4040,0x00000007b3a80000)
  to   space 37888K, 0% used [0x00000007b7a80000,0x00000007b7a80000,0x00000007b9f80000)
 ParOldGen       total 93696K, used 57573K [0x0000000760000000, 0x0000000765b80000, 0x00000007a0000000)
  object space 93696K, 61% used [0x0000000760000000,0x0000000763839760,0x0000000765b80000)
 Metaspace       used 61625K, capacity 64278K, committed 64640K, reserved 1105920K
  class space    used 8144K, capacity 8719K, committed 8832K, reserved 1048576K
Event: 411.719 GC heap after
Heap after GC invocations=20 (full 4):
 PSYoungGen      total 378880K, used 37864K [0x00000007a0000000, 0x00000007bce80000, 0x00000007c0000000)
  eden space 340992K, 0% used [0x00000007a0000000,0x00000007a0000000,0x00000007b4d00000)
  from space 37888K, 99% used [0x00000007b7a80000,0x00000007b9f7a068,0x00000007b9f80000)
  to   space 46592K, 0% used [0x00000007b4d00000,0x00000007b4d00000,0x00000007b7a80000)
 ParOldGen       total 93696K, used 65922K [0x0000000760000000, 0x0000000765b80000, 0x00000007a0000000)
  object space 93696K, 70% used [0x0000000760000000,0x0000000764060858,0x0000000765b80000)
 Metaspace       used 61625K, capacity 64278K, committed 64640K, reserved 1105920K
  class space    used 8144K, capacity 8719K, committed 8832K, reserved 1048576K
}
Event: 414.618 GC heap before
{Heap before GC invocations=21 (full 4):
 PSYoungGen      total 378880K, used 378856K [0x00000007a0000000, 0x00000007bce80000, 0x00000007c0000000)
  eden space 340992K, 100% used [0x00000007a0000000,0x00000007b4d00000,0x00000007b4d00000)
  from space 37888K, 99% used [0x00000007b7a80000,0x00000007b9f7a068,0x00000007b9f80000)
  to   space 46592K, 0% used [0x00000007b4d00000,0x00000007b4d00000,0x00000007b7a80000)
 ParOldGen       total 93696K, used 65922K [0x0000000760000000, 0x0000000765b80000, 0x00000007a0000000)
  object space 93696K, 70% used [0x0000000760000000,0x0000000764060858,0x0000000765b80000)
 Metaspace       used 61820K, capacity 64558K, committed 64896K, reserved 1105920K
  class space    used 8144K, capacity 8719K, committed 8832K, reserved 1048576K
Event: 414.702 GC heap after
Heap after GC invocations=21 (full 4):
 PSYoungGen      total 387584K, used 38087K [0x00000007a0000000, 0x00000007c0000000, 0x00000007c0000000)
  eden space 340992K, 0% used [0x00000007a0000000,0x00000007a0000000,0x00000007b4d00000)
  from space 46592K, 81% used [0x00000007b4d00000,0x00000007b7231f78,0x00000007b7a80000)
  to   space 50688K, 0% used [0x00000007bce80000,0x00000007bce80000,0x00000007c0000000)
 ParOldGen       total 93696K, used 65930K [0x0000000760000000, 0x0000000765b80000, 0x00000007a0000000)
  object space 93696K, 70% used [0x0000000760000000,0x0000000764062858,0x0000000765b80000)
 Metaspace       used 61820K, capacity 64558K, committed 64896K, reserved 1105920K
  class space    used 8144K, capacity 8719K, committed 8832K, reserved 1048576K
}
Event: 425.803 GC heap before
{Heap before GC invocations=22 (full 4):
 PSYoungGen      total 387584K, used 379079K [0x00000007a0000000, 0x00000007c0000000, 0x00000007c0000000)
  eden space 340992K, 100% used [0x00000007a0000000,0x00000007b4d00000,0x00000007b4d00000)
  from space 46592K, 81% used [0x00000007b4d00000,0x00000007b7231f78,0x00000007b7a80000)
  to   space 50688K, 0% used [0x00000007bce80000,0x00000007bce80000,0x00000007c0000000)
 ParOldGen       total 93696K, used 65930K [0x0000000760000000, 0x0000000765b80000, 0x00000007a0000000)
  object space 93696K, 70% used [0x0000000760000000,0x0000000764062858,0x0000000765b80000)
 Metaspace       used 62183K, capacity 65090K, committed 65408K, reserved 1105920K
  class space    used 8170K, capacity 8758K, committed 8832K, reserved 1048576K
Event: 425.828 GC heap after
Heap after GC invocations=22 (full 4):
 PSYoungGen      total 473600K, used 5840K [0x00000007a0000000, 0x00000007c0000000, 0x00000007c0000000)
  eden space 422912K, 0% used [0x00000007a0000000,0x00000007a0000000,0x00000007b9d00000)
  from space 50688K, 11% used [0x00000007bce80000,0x00000007bd434010,0x00000007c0000000)
  to   space 50688K, 0% used [0x00000007b9d00000,0x00000007b9d00000,0x00000007bce80000)
 ParOldGen       total 93696K, used 72270K [0x0000000760000000, 0x0000000765b80000, 0x00000007a0000000)
  object space 93696K, 77% used [0x0000000760000000,0x00000007646938b8,0x0000000765b80000)
 Metaspace       used 62183K, capacity 65090K, committed 65408K, reserved 1105920K
  class space    used 8170K, capacity 8758K, committed 8832K, reserved 1048576K
}

