# JRE version: OpenJDK Runtime Environment (8.0_112-b05) (build 1.8.0_112-release-b05)
# Java VM: OpenJDK 64-Bit Server VM (25.112-b05 mixed mode bsd-amd64 compressed oops)
Heap:
 PSYoungGen      total 414208K, used 56754K [0x00000007a0000000, 0x00000007c0000000, 0x00000007c0000000)
  eden space 357376K, 0% used [0x00000007a0000000,0x00000007a0000000,0x00000007b5d00000)
  from space 56832K, 99% used [0x00000007bc880000,0x00000007bffecad0,0x00000007c0000000)
  to   space 83456K, 0% used [0x00000007b5d00000,0x00000007b5d00000,0x00000007bae80000)
 ParOldGen       total 206848K, used 206725K [0x0000000760000000, 0x000000076ca00000, 0x00000007a0000000)
  object space 206848K, 99% used [0x0000000760000000,0x000000076c9e1678,0x000000076ca00000)
 Metaspace       used 72681K, capacity 75378K, committed 75392K, reserved 1114112K
  class space    used 9278K, capacity 9850K, committed 9856K, reserved 1048576K
GC Heap History (10 events):
Event: 76.664 GC heap after
Heap after GC invocations=30 (full 4):
 PSYoungGen      total 488960K, used 64K [0x00000007a0000000, 0x00000007bfe80000, 0x00000007c0000000)
  eden space 457216K, 0% used [0x00000007a0000000,0x00000007a0000000,0x00000007bbe80000)
  from space 31744K, 0% used [0x00000007bdd80000,0x00000007bdd90000,0x00000007bfc80000)
  to   space 31744K, 0% used [0x00000007bbe80000,0x00000007bbe80000,0x00000007bdd80000)
 ParOldGen       total 191488K, used 92230K [0x0000000760000000, 0x000000076bb00000, 0x00000007a0000000)
  object space 191488K, 48% used [0x0000000760000000,0x0000000765a119c8,0x000000076bb00000)
 Metaspace       used 68149K, capacity 70776K, committed 70912K, reserved 1110016K
  class space    used 8835K, capacity 9425K, committed 9472K, reserved 1048576K
}
Event: 81.630 GC heap before
{Heap before GC invocations=31 (full 4):
 PSYoungGen      total 488960K, used 457280K [0x00000007a0000000, 0x00000007bfe80000, 0x00000007c0000000)
  eden space 457216K, 100% used [0x00000007a0000000,0x00000007bbe80000,0x00000007bbe80000)
  from space 31744K, 0% used [0x00000007bdd80000,0x00000007bdd90000,0x00000007bfc80000)
  to   space 31744K, 0% used [0x00000007bbe80000,0x00000007bbe80000,0x00000007bdd80000)
 ParOldGen       total 191488K, used 92230K [0x0000000760000000, 0x000000076bb00000, 0x00000007a0000000)
  object space 191488K, 48% used [0x0000000760000000,0x0000000765a119c8,0x000000076bb00000)
 Metaspace       used 72160K, capacity 74802K, committed 74880K, reserved 1114112K
  class space    used 9275K, capacity 9850K, committed 9856K, reserved 1048576K
Event: 81.736 GC heap after
Heap after GC invocations=31 (full 4):
 PSYoungGen      total 488960K, used 31724K [0x00000007a0000000, 0x00000007c0000000, 0x00000007c0000000)
  eden space 457216K, 0% used [0x00000007a0000000,0x00000007a0000000,0x00000007bbe80000)
  from space 31744K, 99% used [0x00000007bbe80000,0x00000007bdd7b210,0x00000007bdd80000)
  to   space 35328K, 0% used [0x00000007bdd80000,0x00000007bdd80000,0x00000007c0000000)
 ParOldGen       total 191488K, used 102560K [0x0000000760000000, 0x000000076bb00000, 0x00000007a0000000)
  object space 191488K, 53% used [0x0000000760000000,0x00000007664280b8,0x000000076bb00000)
 Metaspace       used 72160K, capacity 74802K, committed 74880K, reserved 1114112K
  class space    used 9275K, capacity 9850K, committed 9856K, reserved 1048576K
}
Event: 85.296 GC heap before
{Heap before GC invocations=32 (full 4):
 PSYoungGen      total 488960K, used 488940K [0x00000007a0000000, 0x00000007c0000000, 0x00000007c0000000)
  eden space 457216K, 100% used [0x00000007a0000000,0x00000007bbe80000,0x00000007bbe80000)
  from space 31744K, 99% used [0x00000007bbe80000,0x00000007bdd7b210,0x00000007bdd80000)
  to   space 35328K, 0% used [0x00000007bdd80000,0x00000007bdd80000,0x00000007c0000000)
 ParOldGen       total 191488K, used 102560K [0x0000000760000000, 0x000000076bb00000, 0x00000007a0000000)
  object space 191488K, 53% used [0x0000000760000000,0x00000007664280b8,0x000000076bb00000)
 Metaspace       used 72426K, capacity 75122K, committed 75136K, reserved 1114112K
  class space    used 9276K, capacity 9850K, committed 9856K, reserved 1048576K
Event: 85.482 GC heap after
Heap after GC invocations=32 (full 4):
 PSYoungGen      total 445952K, used 35321K [0x00000007a0000000, 0x00000007c0000000, 0x00000007c0000000)
  eden space 410624K, 0% used [0x00000007a0000000,0x00000007a0000000,0x00000007b9100000)
  from space 35328K, 99% used [0x00000007bdd80000,0x00000007bfffe5d8,0x00000007c0000000)
  to   space 56832K, 0% used [0x00000007b9100000,0x00000007b9100000,0x00000007bc880000)
 ParOldGen       total 191488K, used 131522K [0x0000000760000000, 0x000000076bb00000, 0x00000007a0000000)
  object space 191488K, 68% used [0x0000000760000000,0x0000000768070b08,0x000000076bb00000)
 Metaspace       used 72426K, capacity 75122K, committed 75136K, reserved 1114112K
  class space    used 9276K, capacity 9850K, committed 9856K, reserved 1048576K
}
Event: 87.901 GC heap before
{Heap before GC invocations=33 (full 4):
 PSYoungGen      total 445952K, used 445945K [0x00000007a0000000, 0x00000007c0000000, 0x00000007c0000000)
  eden space 410624K, 100% used [0x00000007a0000000,0x00000007b9100000,0x00000007b9100000)
  from space 35328K, 99% used [0x00000007bdd80000,0x00000007bfffe5d8,0x00000007c0000000)
  to   space 56832K, 0% used [0x00000007b9100000,0x00000007b9100000,0x00000007bc880000)
 ParOldGen       total 191488K, used 131522K [0x0000000760000000, 0x000000076bb00000, 0x00000007a0000000)
  object space 191488K, 68% used [0x0000000760000000,0x0000000768070b08,0x000000076bb00000)
 Metaspace       used 72585K, capacity 75314K, committed 75392K, reserved 1114112K
  class space    used 9278K, capacity 9850K, committed 9856K, reserved 1048576K
Event: 88.058 GC heap after
Heap after GC invocations=33 (full 4):
 PSYoungGen      total 467456K, used 56802K [0x00000007a0000000, 0x00000007c0000000, 0x00000007c0000000)
  eden space 410624K, 0% used [0x00000007a0000000,0x00000007a0000000,0x00000007b9100000)
  from space 56832K, 99% used [0x00000007b9100000,0x00000007bc878880,0x00000007bc880000)
  to   space 56832K, 0% used [0x00000007bc880000,0x00000007bc880000,0x00000007c0000000)
 ParOldGen       total 191488K, used 159551K [0x0000000760000000, 0x000000076bb00000, 0x00000007a0000000)
  object space 191488K, 83% used [0x0000000760000000,0x0000000769bcff00,0x000000076bb00000)
 Metaspace       used 72585K, capacity 75314K, committed 75392K, reserved 1114112K
  class space    used 9278K, capacity 9850K, committed 9856K, reserved 1048576K
}
Event: 89.973 GC heap before
{Heap before GC invocations=34 (full 4):
 PSYoungGen      total 467456K, used 467426K [0x00000007a0000000, 0x00000007c0000000, 0x00000007c0000000)
  eden space 410624K, 100% used [0x00000007a0000000,0x00000007b9100000,0x00000007b9100000)
  from space 56832K, 99% used [0x00000007b9100000,0x00000007bc878880,0x00000007bc880000)
  to   space 56832K, 0% used [0x00000007bc880000,0x00000007bc880000,0x00000007c0000000)
 ParOldGen       total 191488K, used 159551K [0x0000000760000000, 0x000000076bb00000, 0x00000007a0000000)
  object space 191488K, 83% used [0x0000000760000000,0x0000000769bcff00,0x000000076bb00000)
 Metaspace       used 72681K, capacity 75378K, committed 75392K, reserved 1114112K
  class space    used 9278K, capacity 9850K, committed 9856K, reserved 1048576K
Event: 90.175 GC heap after
Heap after GC invocations=34 (full 4):
 PSYoungGen      total 414208K, used 56754K [0x00000007a0000000, 0x00000007c0000000, 0x00000007c0000000)
  eden space 357376K, 0% used [0x00000007a0000000,0x00000007a0000000,0x00000007b5d00000)
  from space 56832K, 99% used [0x00000007bc880000,0x00000007bffecad0,0x00000007c0000000)
  to   space 83456K, 0% used [0x00000007b5d00000,0x00000007b5d00000,0x00000007bae80000)
 ParOldGen       total 206848K, used 206725K [0x0000000760000000, 0x000000076ca00000, 0x00000007a0000000)
  object space 206848K, 99% used [0x0000000760000000,0x000000076c9e1678,0x000000076ca00000)
 Metaspace       used 72681K, capacity 75378K, committed 75392K, reserved 1114112K
  class space    used 9278K, capacity 9850K, committed 9856K, reserved 1048576K
}
Event: 90.175 GC heap before
{Heap before GC invocations=35 (full 5):
 PSYoungGen      total 414208K, used 56754K [0x00000007a0000000, 0x00000007c0000000, 0x00000007c0000000)
  eden space 357376K, 0% used [0x00000007a0000000,0x00000007a0000000,0x00000007b5d00000)
  from space 56832K, 99% used [0x00000007bc880000,0x00000007bffecad0,0x00000007c0000000)
  to   space 83456K, 0% used [0x00000007b5d00000,0x00000007b5d00000,0x00000007bae80000)
 ParOldGen       total 206848K, used 206725K [0x0000000760000000, 0x000000076ca00000, 0x00000007a0000000)
  object space 206848K, 99% used [0x0000000760000000,0x000000076c9e1678,0x000000076ca00000)
 Metaspace       used 72681K, capacity 75378K, committed 75392K, reserved 1114112K
  class space    used 9278K, capacity 9850K, committed 9856K, reserved 1048576K

