# JRE version: OpenJDK Runtime Environment (8.0_112-b05) (build 1.8.0_112-release-b05)
# Java VM: OpenJDK 64-Bit Server VM (25.112-b05 mixed mode bsd-amd64 compressed oops)
Heap:
 PSYoungGen      total 94208K, used 5797K [0x00000007a0000000, 0x00000007a8300000, 0x00000007c0000000)
  eden space 83968K, 0% used [0x00000007a0000000,0x00000007a0000000,0x00000007a5200000)
  from space 10240K, 56% used [0x00000007a5200000,0x00000007a57a9780,0x00000007a5c00000)
  to   space 10240K, 0% used [0x00000007a7900000,0x00000007a7900000,0x00000007a8300000)
 ParOldGen       total 59392K, used 12690K [0x0000000760000000, 0x0000000763a00000, 0x00000007a0000000)
  object space 59392K, 21% used [0x0000000760000000,0x0000000760c649c0,0x0000000763a00000)
 Metaspace       used 34724K, capacity 35428K, committed 35496K, reserved 1079296K
  class space    used 4601K, capacity 4807K, committed 4864K, reserved 1048576K
GC Heap History (10 events):
Event: 6.363 GC heap after
Heap after GC invocations=6 (full 1):
 PSYoungGen      total 38400K, used 5096K [0x00000007a0000000, 0x00000007a4800000, 0x00000007c0000000)
  eden space 33280K, 0% used [0x00000007a0000000,0x00000007a0000000,0x00000007a2080000)
  from space 5120K, 99% used [0x00000007a2080000,0x00000007a257a1f0,0x00000007a2580000)
  to   space 10240K, 0% used [0x00000007a3e00000,0x00000007a3e00000,0x00000007a4800000)
 ParOldGen       total 59392K, used 8074K [0x0000000760000000, 0x0000000763a00000, 0x00000007a0000000)
  object space 59392K, 13% used [0x0000000760000000,0x00000007607e2970,0x0000000763a00000)
 Metaspace       used 23856K, capacity 24382K, committed 24576K, reserved 1071104K
  class space    used 3063K, capacity 3244K, committed 3328K, reserved 1048576K
}
Event: 7.051 GC heap before
{Heap before GC invocations=7 (full 1):
 PSYoungGen      total 38400K, used 38376K [0x00000007a0000000, 0x00000007a4800000, 0x00000007c0000000)
  eden space 33280K, 100% used [0x00000007a0000000,0x00000007a2080000,0x00000007a2080000)
  from space 5120K, 99% used [0x00000007a2080000,0x00000007a257a1f0,0x00000007a2580000)
  to   space 10240K, 0% used [0x00000007a3e00000,0x00000007a3e00000,0x00000007a4800000)
 ParOldGen       total 59392K, used 8074K [0x0000000760000000, 0x0000000763a00000, 0x00000007a0000000)
  object space 59392K, 13% used [0x0000000760000000,0x00000007607e2970,0x0000000763a00000)
 Metaspace       used 26260K, capacity 26840K, committed 27008K, reserved 1073152K
  class space    used 3482K, capacity 3629K, committed 3712K, reserved 1048576K
Event: 7.061 GC heap after
Heap after GC invocations=7 (full 1):
 PSYoungGen      total 61440K, used 6731K [0x00000007a0000000, 0x00000007a4680000, 0x00000007c0000000)
  eden space 52736K, 0% used [0x00000007a0000000,0x00000007a0000000,0x00000007a3380000)
  from space 8704K, 77% used [0x00000007a3e00000,0x00000007a4492de0,0x00000007a4680000)
  to   space 9728K, 0% used [0x00000007a3380000,0x00000007a3380000,0x00000007a3d00000)
 ParOldGen       total 59392K, used 8082K [0x0000000760000000, 0x0000000763a00000, 0x00000007a0000000)
  object space 59392K, 13% used [0x0000000760000000,0x00000007607e4970,0x0000000763a00000)
 Metaspace       used 26260K, capacity 26840K, committed 27008K, reserved 1073152K
  class space    used 3482K, capacity 3629K, committed 3712K, reserved 1048576K
}
Event: 7.869 GC heap before
{Heap before GC invocations=8 (full 1):
 PSYoungGen      total 61440K, used 59467K [0x00000007a0000000, 0x00000007a4680000, 0x00000007c0000000)
  eden space 52736K, 100% used [0x00000007a0000000,0x00000007a3380000,0x00000007a3380000)
  from space 8704K, 77% used [0x00000007a3e00000,0x00000007a4492de0,0x00000007a4680000)
  to   space 9728K, 0% used [0x00000007a3380000,0x00000007a3380000,0x00000007a3d00000)
 ParOldGen       total 59392K, used 8082K [0x0000000760000000, 0x0000000763a00000, 0x00000007a0000000)
  object space 59392K, 13% used [0x0000000760000000,0x00000007607e4970,0x0000000763a00000)
 Metaspace       used 30424K, capacity 31070K, committed 31232K, reserved 1077248K
  class space    used 4117K, capacity 4270K, committed 4352K, reserved 1048576K
Event: 7.883 GC heap after
Heap after GC invocations=8 (full 1):
 PSYoungGen      total 62464K, used 9498K [0x00000007a0000000, 0x00000007a6700000, 0x00000007c0000000)
  eden space 52736K, 0% used [0x00000007a0000000,0x00000007a0000000,0x00000007a3380000)
  from space 9728K, 97% used [0x00000007a3380000,0x00000007a3cc6bb8,0x00000007a3d00000)
  to   space 10752K, 0% used [0x00000007a5c80000,0x00000007a5c80000,0x00000007a6700000)
 ParOldGen       total 59392K, used 8090K [0x0000000760000000, 0x0000000763a00000, 0x00000007a0000000)
  object space 59392K, 13% used [0x0000000760000000,0x00000007607e6970,0x0000000763a00000)
 Metaspace       used 30424K, capacity 31070K, committed 31232K, reserved 1077248K
  class space    used 4117K, capacity 4270K, committed 4352K, reserved 1048576K
}
Event: 8.619 GC heap before
{Heap before GC invocations=9 (full 1):
 PSYoungGen      total 62464K, used 62234K [0x00000007a0000000, 0x00000007a6700000, 0x00000007c0000000)
  eden space 52736K, 100% used [0x00000007a0000000,0x00000007a3380000,0x00000007a3380000)
  from space 9728K, 97% used [0x00000007a3380000,0x00000007a3cc6bb8,0x00000007a3d00000)
  to   space 10752K, 0% used [0x00000007a5c80000,0x00000007a5c80000,0x00000007a6700000)
 ParOldGen       total 59392K, used 8090K [0x0000000760000000, 0x0000000763a00000, 0x00000007a0000000)
  object space 59392K, 13% used [0x0000000760000000,0x00000007607e6970,0x0000000763a00000)
 Metaspace       used 30808K, capacity 31414K, committed 31744K, reserved 1077248K
  class space    used 4127K, capacity 4274K, committed 4352K, reserved 1048576K
Event: 8.631 GC heap after
Heap after GC invocations=9 (full 1):
 PSYoungGen      total 93696K, used 7108K [0x00000007a0000000, 0x00000007a6600000, 0x00000007c0000000)
  eden space 83968K, 0% used [0x00000007a0000000,0x00000007a0000000,0x00000007a5200000)
  from space 9728K, 73% used [0x00000007a5c80000,0x00000007a6371040,0x00000007a6600000)
  to   space 10240K, 0% used [0x00000007a5200000,0x00000007a5200000,0x00000007a5c00000)
 ParOldGen       total 59392K, used 8098K [0x0000000760000000, 0x0000000763a00000, 0x00000007a0000000)
  object space 59392K, 13% used [0x0000000760000000,0x00000007607e8970,0x0000000763a00000)
 Metaspace       used 30808K, capacity 31414K, committed 31744K, reserved 1077248K
  class space    used 4127K, capacity 4274K, committed 4352K, reserved 1048576K
}
Event: 9.590 GC heap before
{Heap before GC invocations=10 (full 1):
 PSYoungGen      total 93696K, used 54529K [0x00000007a0000000, 0x00000007a6600000, 0x00000007c0000000)
  eden space 83968K, 56% used [0x00000007a0000000,0x00000007a2e4f3f8,0x00000007a5200000)
  from space 9728K, 73% used [0x00000007a5c80000,0x00000007a6371040,0x00000007a6600000)
  to   space 10240K, 0% used [0x00000007a5200000,0x00000007a5200000,0x00000007a5c00000)
 ParOldGen       total 59392K, used 8098K [0x0000000760000000, 0x0000000763a00000, 0x00000007a0000000)
  object space 59392K, 13% used [0x0000000760000000,0x00000007607e8970,0x0000000763a00000)
 Metaspace       used 34724K, capacity 35428K, committed 35496K, reserved 1079296K
  class space    used 4601K, capacity 4807K, committed 4864K, reserved 1048576K
Event: 9.603 GC heap after
Heap after GC invocations=10 (full 1):
 PSYoungGen      total 94208K, used 5797K [0x00000007a0000000, 0x00000007a8300000, 0x00000007c0000000)
  eden space 83968K, 0% used [0x00000007a0000000,0x00000007a0000000,0x00000007a5200000)
  from space 10240K, 56% used [0x00000007a5200000,0x00000007a57a9780,0x00000007a5c00000)
  to   space 10240K, 0% used [0x00000007a7900000,0x00000007a7900000,0x00000007a8300000)
 ParOldGen       total 59392K, used 12690K [0x0000000760000000, 0x0000000763a00000, 0x00000007a0000000)
  object space 59392K, 21% used [0x0000000760000000,0x0000000760c649c0,0x0000000763a00000)
 Metaspace       used 34724K, capacity 35428K, committed 35496K, reserved 1079296K
  class space    used 4601K, capacity 4807K, committed 4864K, reserved 1048576K
}
Event: 9.603 GC heap before
{Heap before GC invocations=11 (full 2):
 PSYoungGen      total 94208K, used 5797K [0x00000007a0000000, 0x00000007a8300000, 0x00000007c0000000)
  eden space 83968K, 0% used [0x00000007a0000000,0x00000007a0000000,0x00000007a5200000)
  from space 10240K, 56% used [0x00000007a5200000,0x00000007a57a9780,0x00000007a5c00000)
  to   space 10240K, 0% used [0x00000007a7900000,0x00000007a7900000,0x00000007a8300000)
 ParOldGen       total 59392K, used 12690K [0x0000000760000000, 0x0000000763a00000, 0x00000007a0000000)
  object space 59392K, 21% used [0x0000000760000000,0x0000000760c649c0,0x0000000763a00000)
 Metaspace       used 34724K, capacity 35428K, committed 35496K, reserved 1079296K
  class space    used 4601K, capacity 4807K, committed 4864K, reserved 1048576K

