# JRE version: OpenJDK Runtime Environment (8.0_112-b05) (build 1.8.0_112-release-b05)
# Java VM: OpenJDK 64-Bit Server VM (25.112-b05 mixed mode bsd-amd64 compressed oops)
Heap:
 PSYoungGen      total 437248K, used 395871K [0x00000007a0000000, 0x00000007bf680000, 0x00000007c0000000)
  eden space 367104K, 98% used [0x00000007a0000000,0x00000007b6061850,0x00000007b6680000)
  from space 70144K, 49% used [0x00000007bb200000,0x00000007bd4365f8,0x00000007bf680000)
  to   space 73728K, 0% used [0x00000007b6680000,0x00000007b6680000,0x00000007bae80000)
 ParOldGen       total 338944K, used 188078K [0x0000000760000000, 0x0000000774b00000, 0x00000007a0000000)
  object space 338944K, 55% used [0x0000000760000000,0x000000076b7ab908,0x0000000774b00000)
 Metaspace       used 64456K, capacity 66174K, committed 66432K, reserved 1107968K
  class space    used 8141K, capacity 8471K, committed 8576K, reserved 1048576K
GC Heap History (10 events):
Event: 53.570 GC heap before
{Heap before GC invocations=33 (full 4):
 PSYoungGen      total 439296K, used 409352K [0x00000007a0000000, 0x00000007bfa00000, 0x00000007c0000000)
  eden space 366592K, 100% used [0x00000007a0000000,0x00000007b6600000,0x00000007b6600000)
  from space 72704K, 58% used [0x00000007bb300000,0x00000007bdcc2030,0x00000007bfa00000)
  to   space 75776K, 0% used [0x00000007b6600000,0x00000007b6600000,0x00000007bb000000)
 ParOldGen       total 338432K, used 272191K [0x0000000760000000, 0x0000000774a80000, 0x00000007a0000000)
  object space 338432K, 80% used [0x0000000760000000,0x00000007709cff90,0x0000000774a80000)
 Metaspace       used 64417K, capacity 66174K, committed 66432K, reserved 1107968K
  class space    used 8140K, capacity 8471K, committed 8576K, reserved 1048576K
Event: 53.747 GC heap after
Heap after GC invocations=33 (full 4):
 PSYoungGen      total 442368K, used 48092K [0x00000007a0000000, 0x00000007c0000000, 0x00000007c0000000)
  eden space 366592K, 0% used [0x00000007a0000000,0x00000007a0000000,0x00000007b6600000)
  from space 75776K, 63% used [0x00000007b6600000,0x00000007b94f70a8,0x00000007bb000000)
  to   space 76288K, 0% used [0x00000007bb580000,0x00000007bb580000,0x00000007c0000000)
 ParOldGen       total 338432K, used 294254K [0x0000000760000000, 0x0000000774a80000, 0x00000007a0000000)
  object space 338432K, 86% used [0x0000000760000000,0x0000000771f5ba38,0x0000000774a80000)
 Metaspace       used 64417K, capacity 66174K, committed 66432K, reserved 1107968K
  class space    used 8140K, capacity 8471K, committed 8576K, reserved 1048576K
}
Event: 53.747 GC heap before
{Heap before GC invocations=34 (full 5):
 PSYoungGen      total 442368K, used 48092K [0x00000007a0000000, 0x00000007c0000000, 0x00000007c0000000)
  eden space 366592K, 0% used [0x00000007a0000000,0x00000007a0000000,0x00000007b6600000)
  from space 75776K, 63% used [0x00000007b6600000,0x00000007b94f70a8,0x00000007bb000000)
  to   space 76288K, 0% used [0x00000007bb580000,0x00000007bb580000,0x00000007c0000000)
 ParOldGen       total 338432K, used 294254K [0x0000000760000000, 0x0000000774a80000, 0x00000007a0000000)
  object space 338432K, 86% used [0x0000000760000000,0x0000000771f5ba38,0x0000000774a80000)
 Metaspace       used 64417K, capacity 66174K, committed 66432K, reserved 1107968K
  class space    used 8140K, capacity 8471K, committed 8576K, reserved 1048576K
Event: 54.557 GC heap after
Heap after GC invocations=34 (full 5):
 PSYoungGen      total 442368K, used 0K [0x00000007a0000000, 0x00000007c0000000, 0x00000007c0000000)
  eden space 366592K, 0% used [0x00000007a0000000,0x00000007a0000000,0x00000007b6600000)
  from space 75776K, 0% used [0x00000007b6600000,0x00000007b6600000,0x00000007bb000000)
  to   space 76288K, 0% used [0x00000007bb580000,0x00000007bb580000,0x00000007c0000000)
 ParOldGen       total 338944K, used 156140K [0x0000000760000000, 0x0000000774b00000, 0x00000007a0000000)
  object space 338944K, 46% used [0x0000000760000000,0x000000076987b0a8,0x0000000774b00000)
 Metaspace       used 64417K, capacity 66174K, committed 66432K, reserved 1107968K
  class space    used 8140K, capacity 8471K, committed 8576K, reserved 1048576K
}
Event: 55.790 GC heap before
{Heap before GC invocations=35 (full 5):
 PSYoungGen      total 442368K, used 366592K [0x00000007a0000000, 0x00000007c0000000, 0x00000007c0000000)
  eden space 366592K, 100% used [0x00000007a0000000,0x00000007b6600000,0x00000007b6600000)
  from space 75776K, 0% used [0x00000007b6600000,0x00000007b6600000,0x00000007bb000000)
  to   space 76288K, 0% used [0x00000007bb580000,0x00000007bb580000,0x00000007c0000000)
 ParOldGen       total 338944K, used 156140K [0x0000000760000000, 0x0000000774b00000, 0x00000007a0000000)
  object space 338944K, 46% used [0x0000000760000000,0x000000076987b0a8,0x0000000774b00000)
 Metaspace       used 64446K, capacity 66174K, committed 66432K, reserved 1107968K
  class space    used 8141K, capacity 8471K, committed 8576K, reserved 1048576K
Event: 55.904 GC heap after
Heap after GC invocations=35 (full 5):
 PSYoungGen      total 439808K, used 59211K [0x00000007a0000000, 0x00000007c0000000, 0x00000007c0000000)
  eden space 363520K, 0% used [0x00000007a0000000,0x00000007a0000000,0x00000007b6300000)
  from space 76288K, 77% used [0x00000007bb580000,0x00000007bef52d00,0x00000007c0000000)
  to   space 80384K, 0% used [0x00000007b6300000,0x00000007b6300000,0x00000007bb180000)
 ParOldGen       total 338944K, used 156140K [0x0000000760000000, 0x0000000774b00000, 0x00000007a0000000)
  object space 338944K, 46% used [0x0000000760000000,0x000000076987b0a8,0x0000000774b00000)
 Metaspace       used 64446K, capacity 66174K, committed 66432K, reserved 1107968K
  class space    used 8141K, capacity 8471K, committed 8576K, reserved 1048576K
}
Event: 57.071 GC heap before
{Heap before GC invocations=36 (full 5):
 PSYoungGen      total 439808K, used 422731K [0x00000007a0000000, 0x00000007c0000000, 0x00000007c0000000)
  eden space 363520K, 100% used [0x00000007a0000000,0x00000007b6300000,0x00000007b6300000)
  from space 76288K, 77% used [0x00000007bb580000,0x00000007bef52d00,0x00000007c0000000)
  to   space 80384K, 0% used [0x00000007b6300000,0x00000007b6300000,0x00000007bb180000)
 ParOldGen       total 338944K, used 156140K [0x0000000760000000, 0x0000000774b00000, 0x00000007a0000000)
  object space 338944K, 46% used [0x0000000760000000,0x000000076987b0a8,0x0000000774b00000)
 Metaspace       used 64449K, capacity 66174K, committed 66432K, reserved 1107968K
  class space    used 8141K, capacity 8471K, committed 8576K, reserved 1048576K
Event: 57.165 GC heap after
Heap after GC invocations=36 (full 5):
 PSYoungGen      total 443904K, used 40169K [0x00000007a0000000, 0x00000007bfd00000, 0x00000007c0000000)
  eden space 363520K, 0% used [0x00000007a0000000,0x00000007a0000000,0x00000007b6300000)
  from space 80384K, 49% used [0x00000007b6300000,0x00000007b8a3a668,0x00000007bb180000)
  to   space 76800K, 0% used [0x00000007bb200000,0x00000007bb200000,0x00000007bfd00000)
 ParOldGen       total 338944K, used 168526K [0x0000000760000000, 0x0000000774b00000, 0x00000007a0000000)
  object space 338944K, 49% used [0x0000000760000000,0x000000076a493908,0x0000000774b00000)
 Metaspace       used 64449K, capacity 66174K, committed 66432K, reserved 1107968K
  class space    used 8141K, capacity 8471K, committed 8576K, reserved 1048576K
}
Event: 58.351 GC heap before
{Heap before GC invocations=37 (full 5):
 PSYoungGen      total 443904K, used 403689K [0x00000007a0000000, 0x00000007bfd00000, 0x00000007c0000000)
  eden space 363520K, 100% used [0x00000007a0000000,0x00000007b6300000,0x00000007b6300000)
  from space 80384K, 49% used [0x00000007b6300000,0x00000007b8a3a668,0x00000007bb180000)
  to   space 76800K, 0% used [0x00000007bb200000,0x00000007bb200000,0x00000007bfd00000)
 ParOldGen       total 338944K, used 169211K [0x0000000760000000, 0x0000000774b00000, 0x00000007a0000000)
  object space 338944K, 49% used [0x0000000760000000,0x000000076a53ecf8,0x0000000774b00000)
 Metaspace       used 64456K, capacity 66174K, committed 66432K, reserved 1107968K
  class space    used 8141K, capacity 8471K, committed 8576K, reserved 1048576K
Event: 58.450 GC heap after
Heap after GC invocations=37 (full 5):
 PSYoungGen      total 437248K, used 35033K [0x00000007a0000000, 0x00000007bf680000, 0x00000007c0000000)
  eden space 367104K, 0% used [0x00000007a0000000,0x00000007a0000000,0x00000007b6680000)
  from space 70144K, 49% used [0x00000007bb200000,0x00000007bd4365f8,0x00000007bf680000)
  to   space 73728K, 0% used [0x00000007b6680000,0x00000007b6680000,0x00000007bae80000)
 ParOldGen       total 338944K, used 188078K [0x0000000760000000, 0x0000000774b00000, 0x00000007a0000000)
  object space 338944K, 55% used [0x0000000760000000,0x000000076b7ab908,0x0000000774b00000)
 Metaspace       used 64456K, capacity 66174K, committed 66432K, reserved 1107968K
  class space    used 8141K, capacity 8471K, committed 8576K, reserved 1048576K
}

