# JRE version: OpenJDK Runtime Environment (8.0_112-b05) (build 1.8.0_112-release-b05)
# Java VM: OpenJDK 64-Bit Server VM (25.112-b05 mixed mode bsd-amd64 compressed oops)
Heap:
 PSYoungGen      total 354816K, used 5280K [0x00000007a0000000, 0x00000007b8300000, 0x00000007c0000000)
  eden space 314368K, 0% used [0x00000007a0000000,0x00000007a0000000,0x00000007b3300000)
  from space 40448K, 13% used [0x00000007b5b80000,0x00000007b60a8000,0x00000007b8300000)
  to   space 40960K, 0% used [0x00000007b3300000,0x00000007b3300000,0x00000007b5b00000)
 ParOldGen       total 101376K, used 97779K [0x0000000760000000, 0x0000000766300000, 0x00000007a0000000)
  object space 101376K, 96% used [0x0000000760000000,0x0000000765f7ce00,0x0000000766300000)
 Metaspace       used 59217K, capacity 61398K, committed 61696K, reserved 1101824K
  class space    used 7846K, capacity 8352K, committed 8448K, reserved 1048576K
GC Heap History (10 events):
Event: 26.642 GC heap after
Heap after GC invocations=15 (full 3):
 PSYoungGen      total 218624K, used 5088K [0x00000007a0000000, 0x00000007aef00000, 0x00000007c0000000)
  eden space 195072K, 0% used [0x00000007a0000000,0x00000007a0000000,0x00000007abe80000)
  from space 23552K, 21% used [0x00000007ad580000,0x00000007ada78000,0x00000007aec80000)
  to   space 23552K, 0% used [0x00000007abe80000,0x00000007abe80000,0x00000007ad580000)
 ParOldGen       total 101376K, used 45932K [0x0000000760000000, 0x0000000766300000, 0x00000007a0000000)
  object space 101376K, 45% used [0x0000000760000000,0x0000000762cdb078,0x0000000766300000)
 Metaspace       used 54631K, capacity 56702K, committed 56832K, reserved 1097728K
  class space    used 7395K, capacity 7866K, committed 7936K, reserved 1048576K
}
Event: 30.256 GC heap before
{Heap before GC invocations=16 (full 3):
 PSYoungGen      total 218624K, used 200160K [0x00000007a0000000, 0x00000007aef00000, 0x00000007c0000000)
  eden space 195072K, 100% used [0x00000007a0000000,0x00000007abe80000,0x00000007abe80000)
  from space 23552K, 21% used [0x00000007ad580000,0x00000007ada78000,0x00000007aec80000)
  to   space 23552K, 0% used [0x00000007abe80000,0x00000007abe80000,0x00000007ad580000)
 ParOldGen       total 101376K, used 45932K [0x0000000760000000, 0x0000000766300000, 0x00000007a0000000)
  object space 101376K, 45% used [0x0000000760000000,0x0000000762cdb078,0x0000000766300000)
 Metaspace       used 58153K, capacity 60314K, committed 60544K, reserved 1101824K
  class space    used 7779K, capacity 8302K, committed 8320K, reserved 1048576K
Event: 30.311 GC heap after
Heap after GC invocations=16 (full 3):
 PSYoungGen      total 218624K, used 23520K [0x00000007a0000000, 0x00000007b2480000, 0x00000007c0000000)
  eden space 195072K, 0% used [0x00000007a0000000,0x00000007a0000000,0x00000007abe80000)
  from space 23552K, 99% used [0x00000007abe80000,0x00000007ad578050,0x00000007ad580000)
  to   space 29184K, 0% used [0x00000007b0800000,0x00000007b0800000,0x00000007b2480000)
 ParOldGen       total 101376K, used 52348K [0x0000000760000000, 0x0000000766300000, 0x00000007a0000000)
  object space 101376K, 51% used [0x0000000760000000,0x000000076331f3b8,0x0000000766300000)
 Metaspace       used 58153K, capacity 60314K, committed 60544K, reserved 1101824K
  class space    used 7779K, capacity 8302K, committed 8320K, reserved 1048576K
}
Event: 33.190 GC heap before
{Heap before GC invocations=17 (full 3):
 PSYoungGen      total 218624K, used 218592K [0x00000007a0000000, 0x00000007b2480000, 0x00000007c0000000)
  eden space 195072K, 100% used [0x00000007a0000000,0x00000007abe80000,0x00000007abe80000)
  from space 23552K, 99% used [0x00000007abe80000,0x00000007ad578050,0x00000007ad580000)
  to   space 29184K, 0% used [0x00000007b0800000,0x00000007b0800000,0x00000007b2480000)
 ParOldGen       total 101376K, used 52348K [0x0000000760000000, 0x0000000766300000, 0x00000007a0000000)
  object space 101376K, 51% used [0x0000000760000000,0x000000076331f3b8,0x0000000766300000)
 Metaspace       used 58811K, capacity 60962K, committed 61184K, reserved 1101824K
  class space    used 7828K, capacity 8344K, committed 8448K, reserved 1048576K
Event: 33.320 GC heap after
Heap after GC invocations=17 (full 3):
 PSYoungGen      total 259584K, used 29168K [0x00000007a0000000, 0x00000007b4680000, 0x00000007c0000000)
  eden space 230400K, 0% used [0x00000007a0000000,0x00000007a0000000,0x00000007ae100000)
  from space 29184K, 99% used [0x00000007b0800000,0x00000007b247c038,0x00000007b2480000)
  to   space 39936K, 0% used [0x00000007ae100000,0x00000007ae100000,0x00000007b0800000)
 ParOldGen       total 101376K, used 69176K [0x0000000760000000, 0x0000000766300000, 0x00000007a0000000)
  object space 101376K, 68% used [0x0000000760000000,0x000000076438e050,0x0000000766300000)
 Metaspace       used 58811K, capacity 60962K, committed 61184K, reserved 1101824K
  class space    used 7828K, capacity 8344K, committed 8448K, reserved 1048576K
}
Event: 34.345 GC heap before
{Heap before GC invocations=18 (full 3):
 PSYoungGen      total 259584K, used 259568K [0x00000007a0000000, 0x00000007b4680000, 0x00000007c0000000)
  eden space 230400K, 100% used [0x00000007a0000000,0x00000007ae100000,0x00000007ae100000)
  from space 29184K, 99% used [0x00000007b0800000,0x00000007b247c038,0x00000007b2480000)
  to   space 39936K, 0% used [0x00000007ae100000,0x00000007ae100000,0x00000007b0800000)
 ParOldGen       total 101376K, used 69176K [0x0000000760000000, 0x0000000766300000, 0x00000007a0000000)
  object space 101376K, 68% used [0x0000000760000000,0x000000076438e050,0x0000000766300000)
 Metaspace       used 58988K, capacity 61126K, committed 61440K, reserved 1101824K
  class space    used 7844K, capacity 8352K, committed 8448K, reserved 1048576K
Event: 34.413 GC heap after
Heap after GC invocations=18 (full 3):
 PSYoungGen      total 270336K, used 26575K [0x00000007a0000000, 0x00000007b8400000, 0x00000007c0000000)
  eden space 230400K, 0% used [0x00000007a0000000,0x00000007a0000000,0x00000007ae100000)
  from space 39936K, 66% used [0x00000007ae100000,0x00000007afaf3ff8,0x00000007b0800000)
  to   space 41472K, 0% used [0x00000007b5b80000,0x00000007b5b80000,0x00000007b8400000)
 ParOldGen       total 101376K, used 73036K [0x0000000760000000, 0x0000000766300000, 0x00000007a0000000)
  object space 101376K, 72% used [0x0000000760000000,0x00000007647530c0,0x0000000766300000)
 Metaspace       used 58988K, capacity 61126K, committed 61440K, reserved 1101824K
  class space    used 7844K, capacity 8352K, committed 8448K, reserved 1048576K
}
Event: 36.586 GC heap before
{Heap before GC invocations=19 (full 3):
 PSYoungGen      total 270336K, used 256975K [0x00000007a0000000, 0x00000007b8400000, 0x00000007c0000000)
  eden space 230400K, 100% used [0x00000007a0000000,0x00000007ae100000,0x00000007ae100000)
  from space 39936K, 66% used [0x00000007ae100000,0x00000007afaf3ff8,0x00000007b0800000)
  to   space 41472K, 0% used [0x00000007b5b80000,0x00000007b5b80000,0x00000007b8400000)
 ParOldGen       total 101376K, used 73036K [0x0000000760000000, 0x0000000766300000, 0x00000007a0000000)
  object space 101376K, 72% used [0x0000000760000000,0x00000007647530c0,0x0000000766300000)
 Metaspace       used 59217K, capacity 61398K, committed 61696K, reserved 1101824K
  class space    used 7846K, capacity 8352K, committed 8448K, reserved 1048576K
Event: 36.657 GC heap after
Heap after GC invocations=19 (full 3):
 PSYoungGen      total 354816K, used 5280K [0x00000007a0000000, 0x00000007b8300000, 0x00000007c0000000)
  eden space 314368K, 0% used [0x00000007a0000000,0x00000007a0000000,0x00000007b3300000)
  from space 40448K, 13% used [0x00000007b5b80000,0x00000007b60a8000,0x00000007b8300000)
  to   space 40960K, 0% used [0x00000007b3300000,0x00000007b3300000,0x00000007b5b00000)
 ParOldGen       total 101376K, used 97779K [0x0000000760000000, 0x0000000766300000, 0x00000007a0000000)
  object space 101376K, 96% used [0x0000000760000000,0x0000000765f7ce00,0x0000000766300000)
 Metaspace       used 59217K, capacity 61398K, committed 61696K, reserved 1101824K
  class space    used 7846K, capacity 8352K, committed 8448K, reserved 1048576K
}
Event: 36.657 GC heap before
{Heap before GC invocations=20 (full 4):
 PSYoungGen      total 354816K, used 5280K [0x00000007a0000000, 0x00000007b8300000, 0x00000007c0000000)
  eden space 314368K, 0% used [0x00000007a0000000,0x00000007a0000000,0x00000007b3300000)
  from space 40448K, 13% used [0x00000007b5b80000,0x00000007b60a8000,0x00000007b8300000)
  to   space 40960K, 0% used [0x00000007b3300000,0x00000007b3300000,0x00000007b5b00000)
 ParOldGen       total 101376K, used 97779K [0x0000000760000000, 0x0000000766300000, 0x00000007a0000000)
  object space 101376K, 96% used [0x0000000760000000,0x0000000765f7ce00,0x0000000766300000)
 Metaspace       used 59217K, capacity 61398K, committed 61696K, reserved 1101824K
  class space    used 7846K, capacity 8352K, committed 8448K, reserved 1048576K

